{
 "displayTimeUnit": "ms", 
 "traceEvents": [
  {
   "name": "FACTORY-PORT", 
   "tid": "TRUCK:1", 
   "ph": "B", 
   "args": {
    "cargo": [
     "CARGO:FACTORY_A_1"
    ], 
    "transport": "TRUCK:1"
   }, 
   "pid": "TRUCK:1", 
   "ts": 0, 
   "cat": "ddd"
  }, 
  {
   "name": "FACTORY-PORT", 
   "tid": "TRUCK:2", 
   "ph": "B", 
   "args": {
    "cargo": [
     "CARGO:FACTORY_A_2"
    ], 
    "transport": "TRUCK:2"
   }, 
   "pid": "TRUCK:2", 
   "ts": 0, 
   "cat": "ddd"
  }, 
  {
   "tid": "TRUCK:1", 
   "ph": "E", 
   "args": {
    "cargo": [
     "CARGO:FACTORY_A_1"
    ], 
    "transport": "TRUCK:1"
   }, 
   "pid": "TRUCK:1", 
   "ts": 1, 
   "cat": "ddd"
  }, 
  {
   "tid": "TRUCK:2", 
   "ph": "E", 
   "args": {
    "cargo": [
     "CARGO:FACTORY_A_2"
    ], 
    "transport": "TRUCK:2"
   }, 
   "pid": "TRUCK:2", 
   "ts": 1, 
   "cat": "ddd"
  }, 
  {
   "name": "LOAD", 
   "args": {
    "cargo": [
     "CARGO:FACTORY_A_1", 
     "CARGO:FACTORY_A_2"
    ], 
    "transport": "SHIP:3"
   }, 
   "pid": "SHIP:3", 
   "ts": 1, 
   "cat": "ddd", 
   "tid": "SHIP:3", 
   "ph": "X", 
   "dur": 1
  }, 
  {
   "name": "PORT-FACTORY", 
   "tid": "TRUCK:1", 
   "ph": "B", 
   "args": {
    "cargo": [], 
    "transport": "TRUCK:1"
   }, 
   "pid": "TRUCK:1", 
   "ts": 1, 
   "cat": "ddd"
  }, 
  {
   "name": "PORT-FACTORY", 
   "tid": "TRUCK:2", 
   "ph": "B", 
   "args": {
    "cargo": [], 
    "transport": "TRUCK:2"
   }, 
   "pid": "TRUCK:2", 
   "ts": 1, 
   "cat": "ddd"
  }, 
  {
   "tid": "TRUCK:1", 
   "ph": "E", 
   "args": {
    "cargo": [], 
    "transport": "TRUCK:1"
   }, 
   "pid": "TRUCK:1", 
   "ts": 2, 
   "cat": "ddd"
  }, 
  {
   "tid": "TRUCK:2", 
   "ph": "E", 
   "args": {
    "cargo": [], 
    "transport": "TRUCK:2"
   }, 
   "pid": "TRUCK:2", 
   "ts": 2, 
   "cat": "ddd"
  }, 
  {
   "name": "FACTORY-B", 
   "tid": "TRUCK:1", 
   "ph": "B", 
   "args": {
    "cargo": [
     "CARGO:FACTORY_B_3"
    ], 
    "transport": "TRUCK:1"
   }, 
   "pid": "TRUCK:1", 
   "ts": 2, 
   "cat": "ddd"
  }, 
  {
   "name": "FACTORY-PORT", 
   "tid": "TRUCK:2", 
   "ph": "B", 
   "args": {
    "cargo": [
     "CARGO:FACTORY_A_4"
    ], 
    "transport": "TRUCK:2"
   }, 
   "pid": "TRUCK:2", 
   "ts": 2, 
   "cat": "ddd"
  }, 
  {
   "name": "PORT-A", 
   "tid": "SHIP:3", 
   "ph": "B", 
   "args": {
    "cargo": [
     "CARGO:FACTORY_A_1", 
     "CARGO:FACTORY_A_2"
    ], 
    "transport": "SHIP:3"
   }, 
   "pid": "SHIP:3", 
   "ts": 2, 
   "cat": "ddd"
  }, 
  {
   "tid": "TRUCK:2", 
   "ph": "E", 
   "args": {
    "cargo": [
     "CARGO:FACTORY_A_4"
    ], 
    "transport": "TRUCK:2"
   }, 
   "pid": "TRUCK:2", 
   "ts": 3, 
   "cat": "ddd"
  }, 
  {
   "name": "PORT-FACTORY", 
   "tid": "TRUCK:2", 
   "ph": "B", 
   "args": {
    "cargo": [], 
    "transport": "TRUCK:2"
   }, 
   "pid": "TRUCK:2", 
   "ts": 3, 
   "cat": "ddd"
  }, 
  {
   "tid": "TRUCK:2", 
   "ph": "E", 
   "args": {
    "cargo": [], 
    "transport": "TRUCK:2"
   }, 
   "pid": "TRUCK:2", 
   "ts": 4, 
   "cat": "ddd"
  }, 
  {
   "name": "FACTORY-B", 
   "tid": "TRUCK:2", 
   "ph": "B", 
   "args": {
    "cargo": [
     "CARGO:FACTORY_B_5"
    ], 
    "transport": "TRUCK:2"
   }, 
   "pid": "TRUCK:2", 
   "ts": 4, 
   "cat": "ddd"
  }, 
  {
   "tid": "TRUCK:1", 
   "ph": "E", 
   "args": {
    "cargo": [
     "CARGO:FACTORY_B_3"
    ], 
    "transport": "TRUCK:1"
   }, 
   "pid": "TRUCK:1", 
   "ts": 7, 
   "cat": "ddd"
  }, 
  {
   "name": "B-FACTORY", 
   "tid": "TRUCK:1", 
   "ph": "B", 
   "args": {
    "cargo": [], 
    "transport": "TRUCK:1"
   }, 
   "pid": "TRUCK:1", 
   "ts": 7, 
   "cat": "ddd"
  }, 
  {
   "tid": "SHIP:3", 
   "ph": "E", 
   "args": {
    "cargo": [
     "CARGO:FACTORY_A_1", 
     "CARGO:FACTORY_A_2"
    ], 
    "transport": "SHIP:3"
   }, 
   "pid": "SHIP:3", 
   "ts": 8, 
   "cat": "ddd"
  }, 
  {
   "name": "UNLOAD", 
   "args": {
    "cargo": [
     "CARGO:FACTORY_A_1", 
     "CARGO:FACTORY_A_2"
    ], 
    "transport": "SHIP:3"
   }, 
   "pid": "SHIP:3", 
   "ts": 8, 
   "cat": "ddd", 
   "tid": "SHIP:3", 
   "ph": "X", 
   "dur": 1
  }, 
  {
   "tid": "TRUCK:2", 
   "ph": "E", 
   "args": {
    "cargo": [
     "CARGO:FACTORY_B_5"
    ], 
    "transport": "TRUCK:2"
   }, 
   "pid": "TRUCK:2", 
   "ts": 9, 
   "cat": "ddd"
  }, 
  {
   "name": "A-PORT", 
   "tid": "SHIP:3", 
   "ph": "B", 
   "args": {
    "cargo": [], 
    "transport": "SHIP:3"
   }, 
   "pid": "SHIP:3", 
   "ts": 9, 
   "cat": "ddd"
  }, 
  {
   "name": "B-FACTORY", 
   "tid": "TRUCK:2", 
   "ph": "B", 
   "args": {
    "cargo": [], 
    "transport": "TRUCK:2"
   }, 
   "pid": "TRUCK:2", 
   "ts": 9, 
   "cat": "ddd"
  }, 
  {
   "tid": "TRUCK:1", 
   "ph": "E", 
   "args": {
    "cargo": [], 
    "transport": "TRUCK:1"
   }, 
   "pid": "TRUCK:1", 
   "ts": 12, 
   "cat": "ddd"
  }, 
  {
   "name": "FACTORY-B", 
   "tid": "TRUCK:1", 
   "ph": "B", 
   "args": {
    "cargo": [
     "CARGO:FACTORY_B_6"
    ], 
    "transport": "TRUCK:1"
   }, 
   "pid": "TRUCK:1", 
   "ts": 12, 
   "cat": "ddd"
  }, 
  {
   "tid": "TRUCK:2", 
   "ph": "E", 
   "args": {
    "cargo": [], 
    "transport": "TRUCK:2"
   }, 
   "pid": "TRUCK:2", 
   "ts": 14, 
   "cat": "ddd"
  }, 
  {
   "name": "FACTORY-PORT", 
   "tid": "TRUCK:2", 
   "ph": "B", 
   "args": {
    "cargo": [
     "CARGO:FACTORY_A_7"
    ], 
    "transport": "TRUCK:2"
   }, 
   "pid": "TRUCK:2", 
   "ts": 14, 
   "cat": "ddd"
  }, 
  {
   "tid": "SHIP:3", 
   "ph": "E", 
   "args": {
    "cargo": [], 
    "transport": "SHIP:3"
   }, 
   "pid": "SHIP:3", 
   "ts": 15, 
   "cat": "ddd"
  }, 
  {
   "tid": "TRUCK:2", 
   "ph": "E", 
   "args": {
    "cargo": [
     "CARGO:FACTORY_A_7"
    ], 
    "transport": "TRUCK:2"
   }, 
   "pid": "TRUCK:2", 
   "ts": 15, 
   "cat": "ddd"
  }, 
  {
   "name": "LOAD", 
   "args": {
    "cargo": [
     "CARGO:FACTORY_A_4", 
     "CARGO:FACTORY_A_7"
    ], 
    "transport": "SHIP:3"
   }, 
   "pid": "SHIP:3", 
   "ts": 15, 
   "cat": "ddd", 
   "tid": "SHIP:3", 
   "ph": "X", 
   "dur": 1
  }, 
  {
   "name": "PORT-FACTORY", 
   "tid": "TRUCK:2", 
   "ph": "B", 
   "args": {
    "cargo": [], 
    "transport": "TRUCK:2"
   }, 
   "pid": "TRUCK:2", 
   "ts": 15, 
   "cat": "ddd"
  }, 
  {
   "tid": "TRUCK:2", 
   "ph": "E", 
   "args": {
    "cargo": [], 
    "transport": "TRUCK:2"
   }, 
   "pid": "TRUCK:2", 
   "ts": 16, 
   "cat": "ddd"
  }, 
  {
   "name": "FACTORY-B", 
   "tid": "TRUCK:2", 
   "ph": "B", 
   "args": {
    "cargo": [
     "CARGO:FACTORY_B_8"
    ], 
    "transport": "TRUCK:2"
   }, 
   "pid": "TRUCK:2", 
   "ts": 16, 
   "cat": "ddd"
  }, 
  {
   "name": "PORT-A", 
   "tid": "SHIP:3", 
   "ph": "B", 
   "args": {
    "cargo": [
     "CARGO:FACTORY_A_4", 
     "CARGO:FACTORY_A_7"
    ], 
    "transport": "SHIP:3"
   }, 
   "pid": "SHIP:3", 
   "ts": 16, 
   "cat": "ddd"
  }, 
  {
   "tid": "TRUCK:1", 
   "ph": "E", 
   "args": {
    "cargo": [
     "CARGO:FACTORY_B_6"
    ], 
    "transport": "TRUCK:1"
   }, 
   "pid": "TRUCK:1", 
   "ts": 17, 
   "cat": "ddd"
  }, 
  {
   "name": "B-FACTORY", 
   "tid": "TRUCK:1", 
   "ph": "B", 
   "args": {
    "cargo": [], 
    "transport": "TRUCK:1"
   }, 
   "pid": "TRUCK:1", 
   "ts": 17, 
   "cat": "ddd"
  }, 
  {
   "tid": "TRUCK:2", 
   "ph": "E", 
   "args": {
    "cargo": [
     "CARGO:FACTORY_B_8"
    ], 
    "transport": "TRUCK:2"
   }, 
   "pid": "TRUCK:2", 
   "ts": 21, 
   "cat": "ddd"
  }, 
  {
   "name": "B-FACTORY", 
   "tid": "TRUCK:2", 
   "ph": "B", 
   "args": {
    "cargo": [], 
    "transport": "TRUCK:2"
   }, 
   "pid": "TRUCK:2", 
   "ts": 21, 
   "cat": "ddd"
  }, 
  {
   "tid": "TRUCK:1", 
   "ph": "E", 
   "args": {
    "cargo": [], 
    "transport": "TRUCK:1"
   }, 
   "pid": "TRUCK:1", 
   "ts": 22, 
   "cat": "ddd"
  }, 
  {
   "tid": "SHIP:3", 
   "ph": "E", 
   "args": {
    "cargo": [
     "CARGO:FACTORY_A_4", 
     "CARGO:FACTORY_A_7"
    ], 
    "transport": "SHIP:3"
   }, 
   "pid": "SHIP:3", 
   "ts": 22, 
   "cat": "ddd"
  }, 
  {
   "name": "UNLOAD", 
   "args": {
    "cargo": [
     "CARGO:FACTORY_A_4", 
     "CARGO:FACTORY_A_7"
    ], 
    "transport": "SHIP:3"
   }, 
   "pid": "SHIP:3", 
   "ts": 22, 
   "cat": "ddd", 
   "tid": "SHIP:3", 
   "ph": "X", 
   "dur": 1
  }, 
  {
   "name": "A-PORT", 
   "tid": "SHIP:3", 
   "ph": "B", 
   "args": {
    "cargo": [], 
    "transport": "SHIP:3"
   }, 
   "pid": "SHIP:3", 
   "ts": 23, 
   "cat": "ddd"
  }, 
  {
   "tid": "TRUCK:2", 
   "ph": "E", 
   "args": {
    "cargo": [], 
    "transport": "TRUCK:2"
   }, 
   "pid": "TRUCK:2", 
   "ts": 26, 
   "cat": "ddd"
  }, 
  {
   "tid": "SHIP:3", 
   "ph": "E", 
   "args": {
    "cargo": [], 
    "transport": "SHIP:3"
   }, 
   "pid": "SHIP:3", 
   "ts": 29, 
   "cat": "ddd"
  }
 ]
}
