{
 "displayTimeUnit": "ms", 
 "traceEvents": [
  {
   "name": "FACTORY-B", 
   "tid": "TRUCK:1", 
   "ph": "B", 
   "args": {
    "cargo": [
     "CARGO:FACTORY_B_1"
    ], 
    "transport": "TRUCK:1"
   }, 
   "pid": "TRUCK:1", 
   "ts": 0, 
   "cat": "ddd"
  }, 
  {
   "name": "FACTORY-B", 
   "tid": "TRUCK:2", 
   "ph": "B", 
   "args": {
    "cargo": [
     "CARGO:FACTORY_B_2"
    ], 
    "transport": "TRUCK:2"
   }, 
   "pid": "TRUCK:2", 
   "ts": 0, 
   "cat": "ddd"
  }, 
  {
   "tid": "TRUCK:1", 
   "ph": "E", 
   "args": {
    "cargo": [
     "CARGO:FACTORY_B_1"
    ], 
    "transport": "TRUCK:1"
   }, 
   "pid": "TRUCK:1", 
   "ts": 5, 
   "cat": "ddd"
  }, 
  {
   "tid": "TRUCK:2", 
   "ph": "E", 
   "args": {
    "cargo": [
     "CARGO:FACTORY_B_2"
    ], 
    "transport": "TRUCK:2"
   }, 
   "pid": "TRUCK:2", 
   "ts": 5, 
   "cat": "ddd"
  }, 
  {
   "name": "B-FACTORY", 
   "tid": "TRUCK:1", 
   "ph": "B", 
   "args": {
    "cargo": [], 
    "transport": "TRUCK:1"
   }, 
   "pid": "TRUCK:1", 
   "ts": 5, 
   "cat": "ddd"
  }, 
  {
   "name": "B-FACTORY", 
   "tid": "TRUCK:2", 
   "ph": "B", 
   "args": {
    "cargo": [], 
    "transport": "TRUCK:2"
   }, 
   "pid": "TRUCK:2", 
   "ts": 5, 
   "cat": "ddd"
  }, 
  {
   "tid": "TRUCK:1", 
   "ph": "E", 
   "args": {
    "cargo": [], 
    "transport": "TRUCK:1"
   }, 
   "pid": "TRUCK:1", 
   "ts": 10, 
   "cat": "ddd"
  }, 
  {
   "tid": "TRUCK:2", 
   "ph": "E", 
   "args": {
    "cargo": [], 
    "transport": "TRUCK:2"
   }, 
   "pid": "TRUCK:2", 
   "ts": 10, 
   "cat": "ddd"
  }, 
  {
   "name": "FACTORY-PORT", 
   "tid": "TRUCK:1", 
   "ph": "B", 
   "args": {
    "cargo": [
     "CARGO:FACTORY_A_3"
    ], 
    "transport": "TRUCK:1"
   }, 
   "pid": "TRUCK:1", 
   "ts": 10, 
   "cat": "ddd"
  }, 
  {
   "tid": "TRUCK:1", 
   "ph": "E", 
   "args": {
    "cargo": [
     "CARGO:FACTORY_A_3"
    ], 
    "transport": "TRUCK:1"
   }, 
   "pid": "TRUCK:1", 
   "ts": 11, 
   "cat": "ddd"
  }, 
  {
   "name": "LOAD", 
   "args": {
    "cargo": [
     "CARGO:FACTORY_A_3"
    ], 
    "transport": "SHIP:3"
   }, 
   "pid": "SHIP:3", 
   "ts": 11, 
   "cat": "ddd", 
   "tid": "SHIP:3", 
   "ph": "X", 
   "dur": 1
  }, 
  {
   "name": "PORT-FACTORY", 
   "tid": "TRUCK:1", 
   "ph": "B", 
   "args": {
    "cargo": [], 
    "transport": "TRUCK:1"
   }, 
   "pid": "TRUCK:1", 
   "ts": 11, 
   "cat": "ddd"
  }, 
  {
   "tid": "TRUCK:1", 
   "ph": "E", 
   "args": {
    "cargo": [], 
    "transport": "TRUCK:1"
   }, 
   "pid": "TRUCK:1", 
   "ts": 12, 
   "cat": "ddd"
  }, 
  {
   "name": "PORT-A", 
   "tid": "SHIP:3", 
   "ph": "B", 
   "args": {
    "cargo": [
     "CARGO:FACTORY_A_3"
    ], 
    "transport": "SHIP:3"
   }, 
   "pid": "SHIP:3", 
   "ts": 12, 
   "cat": "ddd"
  }, 
  {
   "tid": "SHIP:3", 
   "ph": "E", 
   "args": {
    "cargo": [
     "CARGO:FACTORY_A_3"
    ], 
    "transport": "SHIP:3"
   }, 
   "pid": "SHIP:3", 
   "ts": 18, 
   "cat": "ddd"
  }, 
  {
   "name": "UNLOAD", 
   "args": {
    "cargo": [
     "CARGO:FACTORY_A_3"
    ], 
    "transport": "SHIP:3"
   }, 
   "pid": "SHIP:3", 
   "ts": 18, 
   "cat": "ddd", 
   "tid": "SHIP:3", 
   "ph": "X", 
   "dur": 1
  }, 
  {
   "name": "A-PORT", 
   "tid": "SHIP:3", 
   "ph": "B", 
   "args": {
    "cargo": [], 
    "transport": "SHIP:3"
   }, 
   "pid": "SHIP:3", 
   "ts": 19, 
   "cat": "ddd"
  }, 
  {
   "tid": "SHIP:3", 
   "ph": "E", 
   "args": {
    "cargo": [], 
    "transport": "SHIP:3"
   }, 
   "pid": "SHIP:3", 
   "ts": 25, 
   "cat": "ddd"
  }
 ]
}
