{"transport_id":1,"kind":"TRUCK","event":"LOAD","time":0,"duration":0,"location":"FACTORY","destination":"B","cargo":[{"origin":"FACTORY","destination":"B","cargo_id":1}]}
{"transport_id":2,"kind":"TRUCK","event":"LOAD","time":0,"duration":0,"location":"FACTORY","destination":"PORT","cargo":[{"origin":"FACTORY","destination":"A","cargo_id":2}]}
{"transport_id":1,"kind":"TRUCK","event":"DEPART","time":0,"location":"FACTORY","destination":"B","cargo":[{"origin":"FACTORY","destination":"B","cargo_id":1}]}
{"transport_id":2,"kind":"TRUCK","event":"DEPART","time":0,"location":"FACTORY","destination":"PORT","cargo":[{"origin":"FACTORY","destination":"A","cargo_id":2}]}
{"transport_id":2,"kind":"TRUCK","event":"ARRIVE","time":1,"location":"PORT","cargo":[{"origin":"FACTORY","destination":"A","cargo_id":2}]}
{"transport_id":2,"kind":"TRUCK","event":"UNLOAD","time":1,"duration":0,"location":"PORT","cargo":[{"origin":"FACTORY","destination":"A","cargo_id":2}]}
{"transport_id":3,"kind":"SHIP","event":"LOAD","time":1,"duration":1,"location":"PORT","destination":"A","cargo":[{"origin":"FACTORY","destination":"A","cargo_id":2}]}
{"transport_id":2,"kind":"TRUCK","event":"DEPART","time":1,"location":"PORT","destination":"FACTORY"}
{"transport_id":2,"kind":"TRUCK","event":"ARRIVE","time":2,"location":"FACTORY"}
{"transport_id":2,"kind":"TRUCK","event":"LOAD","time":2,"duration":0,"location":"FACTORY","destination":"PORT","cargo":[{"origin":"FACTORY","destination":"A","cargo_id":3}]}
{"transport_id":2,"kind":"TRUCK","event":"DEPART","time":2,"location":"FACTORY","destination":"PORT","cargo":[{"origin":"FACTORY","destination":"A","cargo_id":3}]}
{"transport_id":3,"kind":"SHIP","event":"DEPART","time":2,"location":"PORT","destination":"A","cargo":[{"origin":"FACTORY","destination":"A","cargo_id":2}]}
{"transport_id":2,"kind":"TRUCK","event":"ARRIVE","time":3,"location":"PORT","cargo":[{"origin":"FACTORY","destination":"A","cargo_id":3}]}
{"transport_id":2,"kind":"TRUCK","event":"UNLOAD","time":3,"duration":0,"location":"PORT","cargo":[{"origin":"FACTORY","destination":"A","cargo_id":3}]}
{"transport_id":2,"kind":"TRUCK","event":"DEPART","time":3,"location":"PORT","destination":"FACTORY"}
{"transport_id":2,"kind":"TRUCK","event":"ARRIVE","time":4,"location":"FACTORY"}
{"transport_id":2,"kind":"TRUCK","event":"LOAD","time":4,"duration":0,"location":"FACTORY","destination":"B","cargo":[{"origin":"FACTORY","destination":"B","cargo_id":4}]}
{"transport_id":2,"kind":"TRUCK","event":"DEPART","time":4,"location":"FACTORY","destination":"B","cargo":[{"origin":"FACTORY","destination":"B","cargo_id":4}]}
{"transport_id":1,"kind":"TRUCK","event":"ARRIVE","time":5,"location":"B","cargo":[{"origin":"FACTORY","destination":"B","cargo_id":1}]}
{"transport_id":1,"kind":"TRUCK","event":"UNLOAD","time":5,"duration":0,"location":"B","cargo":[{"origin":"FACTORY","destination":"B","cargo_id":1}]}
{"transport_id":1,"kind":"TRUCK","event":"DEPART","time":5,"location":"B","destination":"FACTORY"}
{"transport_id":3,"kind":"SHIP","event":"ARRIVE","time":8,"location":"A","cargo":[{"origin":"FACTORY","destination":"A","cargo_id":2}]}
{"transport_id":3,"kind":"SHIP","event":"UNLOAD","time":8,"duration":1,"location":"A","cargo":[{"origin":"FACTORY","destination":"A","cargo_id":2}]}
{"transport_id":2,"kind":"TRUCK","event":"ARRIVE","time":9,"location":"B","cargo":[{"origin":"FACTORY","destination":"B","cargo_id":4}]}
{"transport_id":2,"kind":"TRUCK","event":"UNLOAD","time":9,"duration":0,"location":"B","cargo":[{"origin":"FACTORY","destination":"B","cargo_id":4}]}
{"transport_id":3,"kind":"SHIP","event":"DEPART","time":9,"location":"A","destination":"PORT"}
{"transport_id":2,"kind":"TRUCK","event":"DEPART","time":9,"location":"B","destination":"FACTORY"}
{"transport_id":1,"kind":"TRUCK","event":"ARRIVE","time":10,"location":"FACTORY"}
{"transport_id":2,"kind":"TRUCK","event":"ARRIVE","time":14,"location":"FACTORY"}
{"transport_id":3,"kind":"SHIP","event":"ARRIVE","time":15,"location":"PORT"}
{"transport_id":3,"kind":"SHIP","event":"LOAD","time":15,"duration":1,"location":"PORT","destination":"A","cargo":[{"origin":"FACTORY","destination":"A","cargo_id":3}]}
{"transport_id":3,"kind":"SHIP","event":"DEPART","time":16,"location":"PORT","destination":"A","cargo":[{"origin":"FACTORY","destination":"A","cargo_id":3}]}
{"transport_id":3,"kind":"SHIP","event":"ARRIVE","time":22,"location":"A","cargo":[{"origin":"FACTORY","destination":"A","cargo_id":3}]}
{"transport_id":3,"kind":"SHIP","event":"UNLOAD","time":22,"duration":1,"location":"A","cargo":[{"origin":"FACTORY","destination":"A","cargo_id":3}]}
{"transport_id":3,"kind":"SHIP","event":"DEPART","time":23,"location":"A","destination":"PORT"}
{"transport_id":3,"kind":"SHIP","event":"ARRIVE","time":29,"location":"PORT"}
