{"transport_id":1,"kind":"TRUCK","event":"LOAD","time":0,"duration":0,"location":"FACTORY","destination":"B","cargo":[{"origin":"FACTORY","destination":"B","cargo_id":1}]}
{"transport_id":2,"kind":"TRUCK","event":"LOAD","time":0,"duration":0,"location":"FACTORY","destination":"B","cargo":[{"origin":"FACTORY","destination":"B","cargo_id":2}]}
{"transport_id":1,"kind":"TRUCK","event":"DEPART","time":0,"location":"FACTORY","destination":"B","cargo":[{"origin":"FACTORY","destination":"B","cargo_id":1}]}
{"transport_id":2,"kind":"TRUCK","event":"DEPART","time":0,"location":"FACTORY","destination":"B","cargo":[{"origin":"FACTORY","destination":"B","cargo_id":2}]}
{"transport_id":1,"kind":"TRUCK","event":"ARRIVE","time":5,"location":"B","cargo":[{"origin":"FACTORY","destination":"B","cargo_id":1}]}
{"transport_id":2,"kind":"TRUCK","event":"ARRIVE","time":5,"location":"B","cargo":[{"origin":"FACTORY","destination":"B","cargo_id":2}]}
{"transport_id":1,"kind":"TRUCK","event":"UNLOAD","time":5,"duration":0,"location":"B","cargo":[{"origin":"FACTORY","destination":"B","cargo_id":1}]}
{"transport_id":2,"kind":"TRUCK","event":"UNLOAD","time":5,"duration":0,"location":"B","cargo":[{"origin":"FACTORY","destination":"B","cargo_id":2}]}
{"transport_id":1,"kind":"TRUCK","event":"DEPART","time":5,"location":"B","destination":"FACTORY"}
{"transport_id":2,"kind":"TRUCK","event":"DEPART","time":5,"location":"B","destination":"FACTORY"}
{"transport_id":1,"kind":"TRUCK","event":"ARRIVE","time":10,"location":"FACTORY"}
{"transport_id":2,"kind":"TRUCK","event":"ARRIVE","time":10,"location":"FACTORY"}
{"transport_id":1,"kind":"TRUCK","event":"LOAD","time":10,"duration":0,"location":"FACTORY","destination":"PORT","cargo":[{"origin":"FACTORY","destination":"A","cargo_id":3}]}
{"transport_id":2,"kind":"TRUCK","event":"LOAD","time":10,"duration":0,"location":"FACTORY","destination":"PORT","cargo":[{"origin":"FACTORY","destination":"A","cargo_id":4}]}
{"transport_id":1,"kind":"TRUCK","event":"DEPART","time":10,"location":"FACTORY","destination":"PORT","cargo":[{"origin":"FACTORY","destination":"A","cargo_id":3}]}
{"transport_id":2,"kind":"TRUCK","event":"DEPART","time":10,"location":"FACTORY","destination":"PORT","cargo":[{"origin":"FACTORY","destination":"A","cargo_id":4}]}
{"transport_id":1,"kind":"TRUCK","event":"ARRIVE","time":11,"location":"PORT","cargo":[{"origin":"FACTORY","destination":"A","cargo_id":3}]}
{"transport_id":2,"kind":"TRUCK","event":"ARRIVE","time":11,"location":"PORT","cargo":[{"origin":"FACTORY","destination":"A","cargo_id":4}]}
{"transport_id":1,"kind":"TRUCK","event":"UNLOAD","time":11,"duration":0,"location":"PORT","cargo":[{"origin":"FACTORY","destination":"A","cargo_id":3}]}
{"transport_id":2,"kind":"TRUCK","event":"UNLOAD","time":11,"duration":0,"location":"PORT","cargo":[{"origin":"FACTORY","destination":"A","cargo_id":4}]}
{"transport_id":3,"kind":"SHIP","event":"LOAD","time":11,"duration":1,"location":"PORT","destination":"A","cargo":[{"origin":"FACTORY","destination":"A","cargo_id":3},{"origin":"FACTORY","destination":"A","cargo_id":4}]}
{"transport_id":1,"kind":"TRUCK","event":"DEPART","time":11,"location":"PORT","destination":"FACTORY"}
{"transport_id":2,"kind":"TRUCK","event":"DEPART","time":11,"location":"PORT","destination":"FACTORY"}
{"transport_id":1,"kind":"TRUCK","event":"ARRIVE","time":12,"location":"FACTORY"}
{"transport_id":2,"kind":"TRUCK","event":"ARRIVE","time":12,"location":"FACTORY"}
{"transport_id":3,"kind":"SHIP","event":"DEPART","time":12,"location":"PORT","destination":"A","cargo":[{"origin":"FACTORY","destination":"A","cargo_id":3},{"origin":"FACTORY","destination":"A","cargo_id":4}]}
{"transport_id":3,"kind":"SHIP","event":"ARRIVE","time":18,"location":"A","cargo":[{"origin":"FACTORY","destination":"A","cargo_id":3},{"origin":"FACTORY","destination":"A","cargo_id":4}]}
{"transport_id":3,"kind":"SHIP","event":"UNLOAD","time":18,"duration":1,"location":"A","cargo":[{"origin":"FACTORY","destination":"A","cargo_id":3},{"origin":"FACTORY","destination":"A","cargo_id":4}]}
{"transport_id":3,"kind":"SHIP","event":"DEPART","time":19,"location":"A","destination":"PORT"}
{"transport_id":3,"kind":"SHIP","event":"ARRIVE","time":25,"location":"PORT"}
