{"transport_id":1,"kind":"TRUCK","event":"LOAD","time":0,"duration":0,"location":"FACTORY","destination":"PORT","cargo":[{"origin":"FACTORY","destination":"A","cargo_id":1}]}
{"transport_id":2,"kind":"TRUCK","event":"LOAD","time":0,"duration":0,"location":"FACTORY","destination":"PORT","cargo":[{"origin":"FACTORY","destination":"A","cargo_id":2}]}
{"transport_id":1,"kind":"TRUCK","event":"DEPART","time":0,"location":"FACTORY","destination":"PORT","cargo":[{"origin":"FACTORY","destination":"A","cargo_id":1}]}
{"transport_id":2,"kind":"TRUCK","event":"DEPART","time":0,"location":"FACTORY","destination":"PORT","cargo":[{"origin":"FACTORY","destination":"A","cargo_id":2}]}
{"transport_id":1,"kind":"TRUCK","event":"ARRIVE","time":1,"location":"PORT","cargo":[{"origin":"FACTORY","destination":"A","cargo_id":1}]}
{"transport_id":2,"kind":"TRUCK","event":"ARRIVE","time":1,"location":"PORT","cargo":[{"origin":"FACTORY","destination":"A","cargo_id":2}]}
{"transport_id":1,"kind":"TRUCK","event":"UNLOAD","time":1,"duration":0,"location":"PORT","cargo":[{"origin":"FACTORY","destination":"A","cargo_id":1}]}
{"transport_id":2,"kind":"TRUCK","event":"UNLOAD","time":1,"duration":0,"location":"PORT","cargo":[{"origin":"FACTORY","destination":"A","cargo_id":2}]}
{"transport_id":3,"kind":"SHIP","event":"LOAD","time":1,"duration":1,"location":"PORT","destination":"A","cargo":[{"origin":"FACTORY","destination":"A","cargo_id":1},{"origin":"FACTORY","destination":"A","cargo_id":2}]}
{"transport_id":1,"kind":"TRUCK","event":"DEPART","time":1,"location":"PORT","destination":"FACTORY"}
{"transport_id":2,"kind":"TRUCK","event":"DEPART","time":1,"location":"PORT","destination":"FACTORY"}
{"transport_id":1,"kind":"TRUCK","event":"ARRIVE","time":2,"location":"FACTORY"}
{"transport_id":2,"kind":"TRUCK","event":"ARRIVE","time":2,"location":"FACTORY"}
{"transport_id":1,"kind":"TRUCK","event":"LOAD","time":2,"duration":0,"location":"FACTORY","destination":"B","cargo":[{"origin":"FACTORY","destination":"B","cargo_id":3}]}
{"transport_id":1,"kind":"TRUCK","event":"DEPART","time":2,"location":"FACTORY","destination":"B","cargo":[{"origin":"FACTORY","destination":"B","cargo_id":3}]}
{"transport_id":3,"kind":"SHIP","event":"DEPART","time":2,"location":"PORT","destination":"A","cargo":[{"origin":"FACTORY","destination":"A","cargo_id":1},{"origin":"FACTORY","destination":"A","cargo_id":2}]}
{"transport_id":1,"kind":"TRUCK","event":"ARRIVE","time":7,"location":"B","cargo":[{"origin":"FACTORY","destination":"B","cargo_id":3}]}
{"transport_id":1,"kind":"TRUCK","event":"UNLOAD","time":7,"duration":0,"location":"B","cargo":[{"origin":"FACTORY","destination":"B","cargo_id":3}]}
{"transport_id":1,"kind":"TRUCK","event":"DEPART","time":7,"location":"B","destination":"FACTORY"}
{"transport_id":3,"kind":"SHIP","event":"ARRIVE","time":8,"location":"A","cargo":[{"origin":"FACTORY","destination":"A","cargo_id":1},{"origin":"FACTORY","destination":"A","cargo_id":2}]}
{"transport_id":3,"kind":"SHIP","event":"UNLOAD","time":8,"duration":1,"location":"A","cargo":[{"origin":"FACTORY","destination":"A","cargo_id":1},{"origin":"FACTORY","destination":"A","cargo_id":2}]}
{"transport_id":3,"kind":"SHIP","event":"DEPART","time":9,"location":"A","destination":"PORT"}
{"transport_id":1,"kind":"TRUCK","event":"ARRIVE","time":12,"location":"FACTORY"}
{"transport_id":3,"kind":"SHIP","event":"ARRIVE","time":15,"location":"PORT"}
