{"transport_id":1,"kind":"TRUCK","event":"LOAD","time":0,"duration":0,"location":"FACTORY","destination":"PORT","cargo":[{"origin":"FACTORY","destination":"A","cargo_id":1}]}
{"transport_id":2,"kind":"TRUCK","event":"LOAD","time":0,"duration":0,"location":"FACTORY","destination":"B","cargo":[{"origin":"FACTORY","destination":"B","cargo_id":2}]}
{"transport_id":1,"kind":"TRUCK","event":"DEPART","time":0,"location":"FACTORY","destination":"PORT","cargo":[{"origin":"FACTORY","destination":"A","cargo_id":1}]}
{"transport_id":2,"kind":"TRUCK","event":"DEPART","time":0,"location":"FACTORY","destination":"B","cargo":[{"origin":"FACTORY","destination":"B","cargo_id":2}]}
{"transport_id":1,"kind":"TRUCK","event":"ARRIVE","time":1,"location":"PORT","cargo":[{"origin":"FACTORY","destination":"A","cargo_id":1}]}
{"transport_id":1,"kind":"TRUCK","event":"UNLOAD","time":1,"duration":0,"location":"PORT","cargo":[{"origin":"FACTORY","destination":"A","cargo_id":1}]}
{"transport_id":3,"kind":"SHIP","event":"LOAD","time":1,"duration":1,"location":"PORT","destination":"A","cargo":[{"origin":"FACTORY","destination":"A","cargo_id":1}]}
{"transport_id":1,"kind":"TRUCK","event":"DEPART","time":1,"location":"PORT","destination":"FACTORY"}
{"transport_id":1,"kind":"TRUCK","event":"ARRIVE","time":2,"location":"FACTORY"}
{"transport_id":1,"kind":"TRUCK","event":"LOAD","time":2,"duration":0,"location":"FACTORY","destination":"B","cargo":[{"origin":"FACTORY","destination":"B","cargo_id":3}]}
{"transport_id":1,"kind":"TRUCK","event":"DEPART","time":2,"location":"FACTORY","destination":"B","cargo":[{"origin":"FACTORY","destination":"B","cargo_id":3}]}
{"transport_id":3,"kind":"SHIP","event":"DEPART","time":2,"location":"PORT","destination":"A","cargo":[{"origin":"FACTORY","destination":"A","cargo_id":1}]}
{"transport_id":2,"kind":"TRUCK","event":"ARRIVE","time":5,"location":"B","cargo":[{"origin":"FACTORY","destination":"B","cargo_id":2}]}
{"transport_id":2,"kind":"TRUCK","event":"UNLOAD","time":5,"duration":0,"location":"B","cargo":[{"origin":"FACTORY","destination":"B","cargo_id":2}]}
{"transport_id":2,"kind":"TRUCK","event":"DEPART","time":5,"location":"B","destination":"FACTORY"}
{"transport_id":1,"kind":"TRUCK","event":"ARRIVE","time":7,"location":"B","cargo":[{"origin":"FACTORY","destination":"B","cargo_id":3}]}
{"transport_id":1,"kind":"TRUCK","event":"UNLOAD","time":7,"duration":0,"location":"B","cargo":[{"origin":"FACTORY","destination":"B","cargo_id":3}]}
{"transport_id":1,"kind":"TRUCK","event":"DEPART","time":7,"location":"B","destination":"FACTORY"}
{"transport_id":3,"kind":"SHIP","event":"ARRIVE","time":8,"location":"A","cargo":[{"origin":"FACTORY","destination":"A","cargo_id":1}]}
{"transport_id":3,"kind":"SHIP","event":"UNLOAD","time":8,"duration":1,"location":"A","cargo":[{"origin":"FACTORY","destination":"A","cargo_id":1}]}
{"transport_id":3,"kind":"SHIP","event":"DEPART","time":9,"location":"A","destination":"PORT"}
{"transport_id":2,"kind":"TRUCK","event":"ARRIVE","time":10,"location":"FACTORY"}
{"transport_id":2,"kind":"TRUCK","event":"LOAD","time":10,"duration":0,"location":"FACTORY","destination":"B","cargo":[{"origin":"FACTORY","destination":"B","cargo_id":4}]}
{"transport_id":2,"kind":"TRUCK","event":"DEPART","time":10,"location":"FACTORY","destination":"B","cargo":[{"origin":"FACTORY","destination":"B","cargo_id":4}]}
{"transport_id":1,"kind":"TRUCK","event":"ARRIVE","time":12,"location":"FACTORY"}
{"transport_id":1,"kind":"TRUCK","event":"LOAD","time":12,"duration":0,"location":"FACTORY","destination":"PORT","cargo":[{"origin":"FACTORY","destination":"A","cargo_id":5}]}
{"transport_id":1,"kind":"TRUCK","event":"DEPART","time":12,"location":"FACTORY","destination":"PORT","cargo":[{"origin":"FACTORY","destination":"A","cargo_id":5}]}
{"transport_id":1,"kind":"TRUCK","event":"ARRIVE","time":13,"location":"PORT","cargo":[{"origin":"FACTORY","destination":"A","cargo_id":5}]}
{"transport_id":1,"kind":"TRUCK","event":"UNLOAD","time":13,"duration":0,"location":"PORT","cargo":[{"origin":"FACTORY","destination":"A","cargo_id":5}]}
{"transport_id":1,"kind":"TRUCK","event":"DEPART","time":13,"location":"PORT","destination":"FACTORY"}
{"transport_id":1,"kind":"TRUCK","event":"ARRIVE","time":14,"location":"FACTORY"}
{"transport_id":1,"kind":"TRUCK","event":"LOAD","time":14,"duration":0,"location":"FACTORY","destination":"B","cargo":[{"origin":"FACTORY","destination":"B","cargo_id":6}]}
{"transport_id":1,"kind":"TRUCK","event":"DEPART","time":14,"location":"FACTORY","destination":"B","cargo":[{"origin":"FACTORY","destination":"B","cargo_id":6}]}
{"transport_id":2,"kind":"TRUCK","event":"ARRIVE","time":15,"location":"B","cargo":[{"origin":"FACTORY","destination":"B","cargo_id":4}]}
{"transport_id":3,"kind":"SHIP","event":"ARRIVE","time":15,"location":"PORT"}
{"transport_id":2,"kind":"TRUCK","event":"UNLOAD","time":15,"duration":0,"location":"B","cargo":[{"origin":"FACTORY","destination":"B","cargo_id":4}]}
{"transport_id":3,"kind":"SHIP","event":"LOAD","time":15,"duration":1,"location":"PORT","destination":"A","cargo":[{"origin":"FACTORY","destination":"A","cargo_id":5}]}
{"transport_id":2,"kind":"TRUCK","event":"DEPART","time":15,"location":"B","destination":"FACTORY"}
{"transport_id":3,"kind":"SHIP","event":"DEPART","time":16,"location":"PORT","destination":"A","cargo":[{"origin":"FACTORY","destination":"A","cargo_id":5}]}
{"transport_id":1,"kind":"TRUCK","event":"ARRIVE","time":19,"location":"B","cargo":[{"origin":"FACTORY","destination":"B","cargo_id":6}]}
{"transport_id":1,"kind":"TRUCK","event":"UNLOAD","time":19,"duration":0,"location":"B","cargo":[{"origin":"FACTORY","destination":"B","cargo_id":6}]}
{"transport_id":1,"kind":"TRUCK","event":"DEPART","time":19,"location":"B","destination":"FACTORY"}
{"transport_id":2,"kind":"TRUCK","event":"ARRIVE","time":20,"location":"FACTORY"}
{"transport_id":2,"kind":"TRUCK","event":"LOAD","time":20,"duration":0,"location":"FACTORY","destination":"PORT","cargo":[{"origin":"FACTORY","destination":"A","cargo_id":7}]}
{"transport_id":2,"kind":"TRUCK","event":"DEPART","time":20,"location":"FACTORY","destination":"PORT","cargo":[{"origin":"FACTORY","destination":"A","cargo_id":7}]}
{"transport_id":2,"kind":"TRUCK","event":"ARRIVE","time":21,"location":"PORT","cargo":[{"origin":"FACTORY","destination":"A","cargo_id":7}]}
{"transport_id":2,"kind":"TRUCK","event":"UNLOAD","time":21,"duration":0,"location":"PORT","cargo":[{"origin":"FACTORY","destination":"A","cargo_id":7}]}
{"transport_id":2,"kind":"TRUCK","event":"DEPART","time":21,"location":"PORT","destination":"FACTORY"}
{"transport_id":2,"kind":"TRUCK","event":"ARRIVE","time":22,"location":"FACTORY"}
{"transport_id":3,"kind":"SHIP","event":"ARRIVE","time":22,"location":"A","cargo":[{"origin":"FACTORY","destination":"A","cargo_id":5}]}
{"transport_id":3,"kind":"SHIP","event":"UNLOAD","time":22,"duration":1,"location":"A","cargo":[{"origin":"FACTORY","destination":"A","cargo_id":5}]}
{"transport_id":2,"kind":"TRUCK","event":"LOAD","time":22,"duration":0,"location":"FACTORY","destination":"PORT","cargo":[{"origin":"FACTORY","destination":"A","cargo_id":8}]}
{"transport_id":2,"kind":"TRUCK","event":"DEPART","time":22,"location":"FACTORY","destination":"PORT","cargo":[{"origin":"FACTORY","destination":"A","cargo_id":8}]}
{"transport_id":2,"kind":"TRUCK","event":"ARRIVE","time":23,"location":"PORT","cargo":[{"origin":"FACTORY","destination":"A","cargo_id":8}]}
{"transport_id":2,"kind":"TRUCK","event":"UNLOAD","time":23,"duration":0,"location":"PORT","cargo":[{"origin":"FACTORY","destination":"A","cargo_id":8}]}
{"transport_id":3,"kind":"SHIP","event":"DEPART","time":23,"location":"A","destination":"PORT"}
{"transport_id":2,"kind":"TRUCK","event":"DEPART","time":23,"location":"PORT","destination":"FACTORY"}
{"transport_id":1,"kind":"TRUCK","event":"ARRIVE","time":24,"location":"FACTORY"}
{"transport_id":2,"kind":"TRUCK","event":"ARRIVE","time":24,"location":"FACTORY"}
{"transport_id":1,"kind":"TRUCK","event":"LOAD","time":24,"duration":0,"location":"FACTORY","destination":"PORT","cargo":[{"origin":"FACTORY","destination":"A","cargo_id":9}]}
{"transport_id":2,"kind":"TRUCK","event":"LOAD","time":24,"duration":0,"location":"FACTORY","destination":"B","cargo":[{"origin":"FACTORY","destination":"B","cargo_id":10}]}
{"transport_id":1,"kind":"TRUCK","event":"DEPART","time":24,"location":"FACTORY","destination":"PORT","cargo":[{"origin":"FACTORY","destination":"A","cargo_id":9}]}
{"transport_id":2,"kind":"TRUCK","event":"DEPART","time":24,"location":"FACTORY","destination":"B","cargo":[{"origin":"FACTORY","destination":"B","cargo_id":10}]}
{"transport_id":1,"kind":"TRUCK","event":"ARRIVE","time":25,"location":"PORT","cargo":[{"origin":"FACTORY","destination":"A","cargo_id":9}]}
{"transport_id":1,"kind":"TRUCK","event":"UNLOAD","time":25,"duration":0,"location":"PORT","cargo":[{"origin":"FACTORY","destination":"A","cargo_id":9}]}
{"transport_id":1,"kind":"TRUCK","event":"DEPART","time":25,"location":"PORT","destination":"FACTORY"}
{"transport_id":1,"kind":"TRUCK","event":"ARRIVE","time":26,"location":"FACTORY"}
{"transport_id":1,"kind":"TRUCK","event":"LOAD","time":26,"duration":0,"location":"FACTORY","destination":"B","cargo":[{"origin":"FACTORY","destination":"B","cargo_id":11}]}
{"transport_id":1,"kind":"TRUCK","event":"DEPART","time":26,"location":"FACTORY","destination":"B","cargo":[{"origin":"FACTORY","destination":"B","cargo_id":11}]}
{"transport_id":3,"kind":"SHIP","event":"ARRIVE","time":29,"location":"PORT"}
{"transport_id":2,"kind":"TRUCK","event":"ARRIVE","time":29,"location":"B","cargo":[{"origin":"FACTORY","destination":"B","cargo_id":10}]}
{"transport_id":2,"kind":"TRUCK","event":"UNLOAD","time":29,"duration":0,"location":"B","cargo":[{"origin":"FACTORY","destination":"B","cargo_id":10}]}
{"transport_id":3,"kind":"SHIP","event":"LOAD","time":29,"duration":1,"location":"PORT","destination":"A","cargo":[{"origin":"FACTORY","destination":"A","cargo_id":7},{"origin":"FACTORY","destination":"A","cargo_id":8},{"origin":"FACTORY","destination":"A","cargo_id":9}]}
{"transport_id":2,"kind":"TRUCK","event":"DEPART","time":29,"location":"B","destination":"FACTORY"}
{"transport_id":3,"kind":"SHIP","event":"DEPART","time":30,"location":"PORT","destination":"A","cargo":[{"origin":"FACTORY","destination":"A","cargo_id":7},{"origin":"FACTORY","destination":"A","cargo_id":8},{"origin":"FACTORY","destination":"A","cargo_id":9}]}
{"transport_id":1,"kind":"TRUCK","event":"ARRIVE","time":31,"location":"B","cargo":[{"origin":"FACTORY","destination":"B","cargo_id":11}]}
{"transport_id":1,"kind":"TRUCK","event":"UNLOAD","time":31,"duration":0,"location":"B","cargo":[{"origin":"FACTORY","destination":"B","cargo_id":11}]}
{"transport_id":1,"kind":"TRUCK","event":"DEPART","time":31,"location":"B","destination":"FACTORY"}
{"transport_id":2,"kind":"TRUCK","event":"ARRIVE","time":34,"location":"FACTORY"}
{"transport_id":2,"kind":"TRUCK","event":"LOAD","time":34,"duration":0,"location":"FACTORY","destination":"B","cargo":[{"origin":"FACTORY","destination":"B","cargo_id":12}]}
{"transport_id":2,"kind":"TRUCK","event":"DEPART","time":34,"location":"FACTORY","destination":"B","cargo":[{"origin":"FACTORY","destination":"B","cargo_id":12}]}
{"transport_id":1,"kind":"TRUCK","event":"ARRIVE","time":36,"location":"FACTORY"}
{"transport_id":3,"kind":"SHIP","event":"ARRIVE","time":36,"location":"A","cargo":[{"origin":"FACTORY","destination":"A","cargo_id":7},{"origin":"FACTORY","destination":"A","cargo_id":8},{"origin":"FACTORY","destination":"A","cargo_id":9}]}
{"transport_id":3,"kind":"SHIP","event":"UNLOAD","time":36,"duration":1,"location":"A","cargo":[{"origin":"FACTORY","destination":"A","cargo_id":7},{"origin":"FACTORY","destination":"A","cargo_id":8},{"origin":"FACTORY","destination":"A","cargo_id":9}]}
{"transport_id":3,"kind":"SHIP","event":"DEPART","time":37,"location":"A","destination":"PORT"}
{"transport_id":2,"kind":"TRUCK","event":"ARRIVE","time":39,"location":"B","cargo":[{"origin":"FACTORY","destination":"B","cargo_id":12}]}
{"transport_id":2,"kind":"TRUCK","event":"UNLOAD","time":39,"duration":0,"location":"B","cargo":[{"origin":"FACTORY","destination":"B","cargo_id":12}]}
{"transport_id":2,"kind":"TRUCK","event":"DEPART","time":39,"location":"B","destination":"FACTORY"}
{"transport_id":3,"kind":"SHIP","event":"ARRIVE","time":43,"location":"PORT"}
{"transport_id":2,"kind":"TRUCK","event":"ARRIVE","time":44,"location":"FACTORY"}
