{"transport_id":1,"kind":"TRUCK","event":"LOAD","time":0,"duration":0,"location":"FACTORY","destination":"B","cargo":[{"origin":"FACTORY","destination":"B","cargo_id":1}]}
{"transport_id":2,"kind":"TRUCK","event":"LOAD","time":0,"duration":0,"location":"FACTORY","destination":"B","cargo":[{"origin":"FACTORY","destination":"B","cargo_id":2}]}
{"transport_id":1,"kind":"TRUCK","event":"DEPART","time":0,"location":"FACTORY","destination":"B","cargo":[{"origin":"FACTORY","destination":"B","cargo_id":1}]}
{"transport_id":2,"kind":"TRUCK","event":"DEPART","time":0,"location":"FACTORY","destination":"B","cargo":[{"origin":"FACTORY","destination":"B","cargo_id":2}]}
{"transport_id":1,"kind":"TRUCK","event":"ARRIVE","time":5,"location":"B","cargo":[{"origin":"FACTORY","destination":"B","cargo_id":1}]}
{"transport_id":2,"kind":"TRUCK","event":"ARRIVE","time":5,"location":"B","cargo":[{"origin":"FACTORY","destination":"B","cargo_id":2}]}
{"transport_id":1,"kind":"TRUCK","event":"UNLOAD","time":5,"duration":0,"location":"B","cargo":[{"origin":"FACTORY","destination":"B","cargo_id":1}]}
{"transport_id":2,"kind":"TRUCK","event":"UNLOAD","time":5,"duration":0,"location":"B","cargo":[{"origin":"FACTORY","destination":"B","cargo_id":2}]}
{"transport_id":1,"kind":"TRUCK","event":"DEPART","time":5,"location":"B","destination":"FACTORY"}
{"transport_id":2,"kind":"TRUCK","event":"DEPART","time":5,"location":"B","destination":"FACTORY"}
{"transport_id":1,"kind":"TRUCK","event":"ARRIVE","time":10,"location":"FACTORY"}
{"transport_id":2,"kind":"TRUCK","event":"ARRIVE","time":10,"location":"FACTORY"}
{"transport_id":1,"kind":"TRUCK","event":"LOAD","time":10,"duration":0,"location":"FACTORY","destination":"B","cargo":[{"origin":"FACTORY","destination":"B","cargo_id":3}]}
{"transport_id":2,"kind":"TRUCK","event":"LOAD","time":10,"duration":0,"location":"FACTORY","destination":"B","cargo":[{"origin":"FACTORY","destination":"B","cargo_id":4}]}
{"transport_id":1,"kind":"TRUCK","event":"DEPART","time":10,"location":"FACTORY","destination":"B","cargo":[{"origin":"FACTORY","destination":"B","cargo_id":3}]}
{"transport_id":2,"kind":"TRUCK","event":"DEPART","time":10,"location":"FACTORY","destination":"B","cargo":[{"origin":"FACTORY","destination":"B","cargo_id":4}]}
{"transport_id":1,"kind":"TRUCK","event":"ARRIVE","time":15,"location":"B","cargo":[{"origin":"FACTORY","destination":"B","cargo_id":3}]}
{"transport_id":2,"kind":"TRUCK","event":"ARRIVE","time":15,"location":"B","cargo":[{"origin":"FACTORY","destination":"B","cargo_id":4}]}
{"transport_id":1,"kind":"TRUCK","event":"UNLOAD","time":15,"duration":0,"location":"B","cargo":[{"origin":"FACTORY","destination":"B","cargo_id":3}]}
{"transport_id":2,"kind":"TRUCK","event":"UNLOAD","time":15,"duration":0,"location":"B","cargo":[{"origin":"FACTORY","destination":"B","cargo_id":4}]}
{"transport_id":1,"kind":"TRUCK","event":"DEPART","time":15,"location":"B","destination":"FACTORY"}
{"transport_id":2,"kind":"TRUCK","event":"DEPART","time":15,"location":"B","destination":"FACTORY"}
{"transport_id":1,"kind":"TRUCK","event":"ARRIVE","time":20,"location":"FACTORY"}
{"transport_id":2,"kind":"TRUCK","event":"ARRIVE","time":20,"location":"FACTORY"}
